SF:scope.py
DA:4,1
DA:5,1
DA:9,1
DA:10,0
DA:11,0
DA:12,0
DA:13,0
DA:14,0
DA:15,0
DA:18,1
DA:19,1
DA:20,1
DA:22,1
DA:25,1
DA:26,1
DA:29,1
DA:30,1
DA:31,1
DA:33,1
DA:34,1
DA:35,1
DA:37,1
DA:38,0
LF:23
LH:16
FN:4,5,add
FNDA:1,add
FN:9,15,provision
FNDA:0,provision
FN:18,22,tally
FNDA:1,tally
FN:19,20,tally.double
FNDA:1,tally.double
FN:25,26,widest
FNDA:1,widest
FN:30,31,Counter.__init__
FNDA:1,Counter.__init__
FN:33,35,Counter.bump
FNDA:1,Counter.bump
FN:37,38,Counter.read
FNDA:0,Counter.read
FNF:8
FNH:6
end_of_record
SF:test_scope.py
DA:1,1
DA:4,1
DA:5,1
DA:8,1
DA:9,1
DA:12,1
DA:13,1
DA:16,1
DA:17,1
DA:18,1
LF:10
LH:10
FN:4,5,test_add_sums
FNDA:1,test_add_sums
FN:8,9,test_tally_doubles
FNDA:1,test_tally_doubles
FN:12,13,test_widest_over_two_signs
FNDA:1,test_widest_over_two_signs
FN:16,18,test_bump_increments
FNDA:1,test_bump_increments
FNF:4
FNH:4
end_of_record
