SF:src/lib.rs
FN:12,_RNvCsbs719SBsOl0_18lcov_scope_fixture9provision
FN:70,_RNvMCsbs719SBsOl0_18lcov_scope_fixtureNtB2_7Counter5value
FN:76,_RNvXs_Csbs719SBsOl0_18lcov_scope_fixtureNtB4_7CounterNtNtCs6sq8b9ugfBC_4core7default7Default7default
FN:5,_RNvCsbs719SBsOl0_18lcov_scope_fixture3add
FN:45,_RNvCsbs719SBsOl0_18lcov_scope_fixture5outer
FN:36,_RNvCsbs719SBsOl0_18lcov_scope_fixture5tally
FN:59,_RNvMCsbs719SBsOl0_18lcov_scope_fixtureNtB2_7Counter3new
FN:64,_RNvMCsbs719SBsOl0_18lcov_scope_fixtureNtB2_7Counter4bump
FN:46,_RNvNvCsbs719SBsOl0_18lcov_scope_fixture5outer5inner
FN:24,_RINvCsbs719SBsOl0_18lcov_scope_fixture6widestdEB2_
FN:24,_RINvCsbs719SBsOl0_18lcov_scope_fixture6widestxEB2_
FN:37,_RNCNvCsbs719SBsOl0_18lcov_scope_fixture5tally0B3_
FN:108,_RNvNtCsbs719SBsOl0_18lcov_scope_fixture5testss_13outer_triples
FN:103,_RNvNtCsbs719SBsOl0_18lcov_scope_fixture5testss_13tally_doubles
FN:91,_RNvNtCsbs719SBsOl0_18lcov_scope_fixture5testss_15bump_increments
FN:97,_RNvNtCsbs719SBsOl0_18lcov_scope_fixture5testss_21widest_over_two_types
FN:86,_RNvNtCsbs719SBsOl0_18lcov_scope_fixture5testss_8add_sums
FNDA:0,_RNvCsbs719SBsOl0_18lcov_scope_fixture9provision
FNDA:0,_RNvMCsbs719SBsOl0_18lcov_scope_fixtureNtB2_7Counter5value
FNDA:0,_RNvXs_Csbs719SBsOl0_18lcov_scope_fixtureNtB4_7CounterNtNtCs6sq8b9ugfBC_4core7default7Default7default
FNDA:1,_RNvCsbs719SBsOl0_18lcov_scope_fixture3add
FNDA:1,_RNvCsbs719SBsOl0_18lcov_scope_fixture5outer
FNDA:1,_RNvCsbs719SBsOl0_18lcov_scope_fixture5tally
FNDA:1,_RNvMCsbs719SBsOl0_18lcov_scope_fixtureNtB2_7Counter3new
FNDA:1,_RNvMCsbs719SBsOl0_18lcov_scope_fixtureNtB2_7Counter4bump
FNDA:1,_RNvNvCsbs719SBsOl0_18lcov_scope_fixture5outer5inner
FNDA:1,_RINvCsbs719SBsOl0_18lcov_scope_fixture6widestdEB2_
FNDA:1,_RINvCsbs719SBsOl0_18lcov_scope_fixture6widestxEB2_
FNDA:3,_RNCNvCsbs719SBsOl0_18lcov_scope_fixture5tally0B3_
FNDA:1,_RNvNtCsbs719SBsOl0_18lcov_scope_fixture5testss_13outer_triples
FNDA:1,_RNvNtCsbs719SBsOl0_18lcov_scope_fixture5testss_13tally_doubles
FNDA:1,_RNvNtCsbs719SBsOl0_18lcov_scope_fixture5testss_15bump_increments
FNDA:1,_RNvNtCsbs719SBsOl0_18lcov_scope_fixture5testss_21widest_over_two_types
FNDA:1,_RNvNtCsbs719SBsOl0_18lcov_scope_fixture5testss_8add_sums
FNF:16
FNH:13
DA:5,1
DA:6,1
DA:7,1
DA:12,0
DA:13,0
DA:14,0
DA:15,0
DA:16,0
DA:17,0
DA:18,0
DA:19,0
DA:20,0
DA:21,0
DA:24,2
DA:25,2
DA:26,5
DA:27,3
DA:28,3
DA:29,3
DA:32,2
DA:33,2
DA:36,1
DA:37,3
DA:38,3
DA:39,3
DA:40,3
DA:41,1
DA:42,1
DA:45,1
DA:46,1
DA:47,1
DA:48,1
DA:49,1
DA:50,1
DA:59,1
DA:60,1
DA:61,1
DA:64,1
DA:65,1
DA:66,1
DA:70,0
DA:71,0
DA:72,0
DA:76,0
DA:77,0
DA:78,0
DA:86,1
DA:87,1
DA:88,1
DA:91,1
DA:92,1
DA:93,1
DA:94,1
DA:97,1
DA:98,1
DA:99,1
DA:100,1
DA:103,1
DA:104,1
DA:105,1
DA:108,1
DA:109,1
DA:110,1
BRF:0
BRH:0
LF:64
LH:48
end_of_record